<?xml version="1.0" encoding="UTF-8"?>
<!-- Generated by org.testng.reporters.JUnitReportReporter -->
<testsuite hostname="Sachins-MBP.fios-router.home" failures="0" tests="1" name="com.mystore.testcases.IndexPageTest" time="6.891" errors="0" timestamp="2022-02-19T18:18:51 EST" skipped="0">
  <testcase classname="com.mystore.testcases.IndexPageTest" name="verifyTitle" time="6.891"/>
  <system-out/>
</testsuite> <!-- com.mystore.testcases.IndexPageTest -->
