<?xml version="1.0" encoding="UTF-8"?>
<!-- Generated by org.testng.reporters.JUnitReportReporter -->
<testsuite hostname="Sachins-MBP.fios-router.home" failures="0" tests="3" name="com.mystore.testcases.IndexPageTest" time="14.972" errors="0" timestamp="2022-02-21T22:01:25 EST" skipped="0">
  <testcase classname="com.mystore.testcases.IndexPageTest" name="verifyTitle" time="5.146"/>
  <system-out/>
  <testcase classname="com.mystore.testcases.IndexPageTest" name="verifyLogo" time="4.412"/>
  <system-out/>
  <testcase classname="com.mystore.testcases.IndexPageTest" name="clickSignInBtn" time="5.414"/>
  <system-out/>
</testsuite> <!-- com.mystore.testcases.IndexPageTest -->
